<?xml version="1.0" encoding="UTF-8"?>
<!-- Generated by org.testng.reporters.JUnitReportReporter -->
<testsuite skipped="0" hostname="LAPTOP-L2V0QH37" name="org.base.Practice" tests="1" failures="0" timestamp="10 Apr 2021 05:36:16 GMT" time="0.010" errors="0">
  <testcase name="tc2" time="0.010" classname="org.base.Practice"/>
</testsuite> <!-- org.base.Practice -->
