<?xml version="1.0" encoding="UTF-8"?>
<!-- Generated by org.testng.reporters.JUnitReportReporter -->
<testsuite skipped="0" hostname="LAPTOP-L2V0QH37" name="org.base.SampleReport" tests="2" failures="0" timestamp="10 Apr 2021 12:39:05 GMT" time="0.540" errors="0">
  <testcase name="loginPage" time="0.529" classname="org.base.SampleReport"/>
  <testcase name="openWebPage" time="0.011" classname="org.base.SampleReport"/>
</testsuite> <!-- org.base.SampleReport -->
